<?xml version="1.0" encoding="UTF-8"?>
<!-- Generated by org.testng.reporters.JUnitReportReporter -->
<testsuite hostname="DESKTOP-TCJQPBH" failures="0" tests="1" name="bag.Browserlaunch" time="4.356" errors="0" timestamp="2023-06-07T11:19:38 IST" skipped="0">
  <testcase classname="bag.Browserlaunch" name="Browser" time="4.356"/>
  <system-out/>
</testsuite> <!-- bag.Browserlaunch -->
