<?xml version="1.0" encoding="UTF-8"?>
<!-- Generated by org.testng.reporters.JUnitReportReporter -->
<testsuite hostname="DESKTOP-TCJQPBH" failures="0" tests="4" name="Pratice.Parallel" time="0.037" errors="0" timestamp="2023-06-12T10:17:04 IST" skipped="0">
  <testcase classname="Pratice.Parallel" name="Testmethod2" time="0.002"/>
  <system-out/>
  <testcase classname="Pratice.Parallel" name="Testmethod3" time="0.003"/>
  <system-out/>
  <testcase classname="Pratice.Parallel" name="Testmethod1" time="0.029"/>
  <system-out/>
  <testcase classname="Pratice.Parallel" name="Testmethod4" time="0.003"/>
  <system-out/>
</testsuite> <!-- Pratice.Parallel -->
