<?xml version="1.0" encoding="UTF-8"?>
<!-- Generated by org.testng.reporters.JUnitReportReporter -->
<testsuite hostname="DESKTOP-TCJQPBH" failures="0" tests="1" name="Screenshot.Forall" time="1.274" errors="0" timestamp="2023-06-15T11:48:16 IST" skipped="0">
  <testcase classname="Screenshot.Forall" name="Browse" time="1.274"/>
  <system-out/>
</testsuite> <!-- Screenshot.Forall -->
